MyApplication/app/build/intermediates/manifest_merge_blame_file/debug/manifest-merger-blame-debug-report.txt
1<?xml version="1.0" encoding="utf-8"?>
2<manifest xmlns:android="http://schemas.android.com/apk/res/android"
3    package="com.example.myapplication"
4    android:versionCode="1"
5    android:versionName="1.0" >
6
7    <uses-sdk
8        android:minSdkVersion="24"
9        android:targetSdkVersion="34" />
10
11    <uses-permission android:name="android.permission.ACCESS_COARSE_LOCATION" />
11-->src\main\AndroidManifest.xml:5:5-81
11-->src\main\AndroidManifest.xml:5:22-78
12    <uses-permission android:name="android.permission.ACCESS_FINE_LOCATION" />
12-->src\main\AndroidManifest.xml:6:5-79
12-->src\main\AndroidManifest.xml:6:22-76
13    <uses-permission android:name="android.permission.ACCESS_NETWORK_STATE" />
13-->src\main\AndroidManifest.xml:7:5-79
13-->src\main\AndroidManifest.xml:7:22-76
14    <uses-permission android:name="android.permission.ACCESS_WIFI_STATE" />
14-->src\main\AndroidManifest.xml:8:5-76
14-->src\main\AndroidManifest.xml:8:22-73
15    <uses-permission android:name="android.permission.INTERNET" />
15-->src\main\AndroidManifest.xml:9:5-67
15-->src\main\AndroidManifest.xml:9:22-64
16
17    <uses-feature
17-->[com.google.android.gms:play-services-maps:18.2.0] AndroidManifest.xml:26:5-28:35
18        android:glEsVersion="0x00020000"
18-->[com.google.android.gms:play-services-maps:18.2.0] AndroidManifest.xml:27:9-41
19        android:required="true" />
19-->[com.google.android.gms:play-services-maps:18.2.0] AndroidManifest.xml:28:9-32
20
21    <queries>
21-->[com.google.android.gms:play-services-maps:18.2.0] AndroidManifest.xml:30:5-34:15
22
23        <!-- Needs to be explicitly declared on Android R+ -->
24        <package android:name="com.google.android.apps.maps" />
24-->[com.google.android.gms:play-services-maps:18.2.0] AndroidManifest.xml:33:9-64
24-->[com.google.android.gms:play-services-maps:18.2.0] AndroidManifest.xml:33:18-61
25    </queries>
26
27    <uses-permission android:name="android.permission.WAKE_LOCK" /> <!-- Required by older versions of Google Play services to create IID tokens -->
27-->[com.google.firebase:firebase-iid:21.1.0] AndroidManifest.xml:24:5-68
27-->[com.google.firebase:firebase-iid:21.1.0] AndroidManifest.xml:24:22-65
28    <uses-permission android:name="com.google.android.c2dm.permission.RECEIVE" />
28-->[com.google.firebase:firebase-iid:21.1.0] AndroidManifest.xml:26:5-82
28-->[com.google.firebase:firebase-iid:21.1.0] AndroidManifest.xml:26:22-79
29    <uses-permission android:name="com.google.android.gms.permission.AD_ID" />
29-->[com.google.android.gms:play-services-measurement-api:21.5.1] AndroidManifest.xml:25:5-79
29-->[com.google.android.gms:play-services-measurement-api:21.5.1] AndroidManifest.xml:25:22-76
30    <uses-permission android:name="android.permission.ACCESS_ADSERVICES_ATTRIBUTION" />
30-->[com.google.android.gms:play-services-measurement-api:21.5.1] AndroidManifest.xml:26:5-88
30-->[com.google.android.gms:play-services-measurement-api:21.5.1] AndroidManifest.xml:26:22-85
31    <uses-permission android:name="android.permission.ACCESS_ADSERVICES_AD_ID" />
31-->[com.google.android.gms:play-services-measurement-api:21.5.1] AndroidManifest.xml:27:5-82
31-->[com.google.android.gms:play-services-measurement-api:21.5.1] AndroidManifest.xml:27:22-79
32    <uses-permission android:name="com.google.android.providers.gsf.permission.READ_GSERVICES" />
32-->[com.google.android.recaptcha:recaptcha:18.4.0] AndroidManifest.xml:9:5-98
32-->[com.google.android.recaptcha:recaptcha:18.4.0] AndroidManifest.xml:9:22-95
33    <uses-permission android:name="com.google.android.finsky.permission.BIND_GET_INSTALL_REFERRER_SERVICE" />
33-->[com.google.android.gms:play-services-measurement:21.5.1] AndroidManifest.xml:26:5-110
33-->[com.google.android.gms:play-services-measurement:21.5.1] AndroidManifest.xml:26:22-107
34
35    <permission
35-->[androidx.core:core:1.9.0] AndroidManifest.xml:22:5-24:47
36        android:name="com.example.myapplication.DYNAMIC_RECEIVER_NOT_EXPORTED_PERMISSION"
36-->[androidx.core:core:1.9.0] AndroidManifest.xml:23:9-81
37        android:protectionLevel="signature" />
37-->[androidx.core:core:1.9.0] AndroidManifest.xml:24:9-44
38
39    <uses-permission android:name="com.example.myapplication.DYNAMIC_RECEIVER_NOT_EXPORTED_PERMISSION" />
39-->[androidx.core:core:1.9.0] AndroidManifest.xml:26:5-97
39-->[androidx.core:core:1.9.0] AndroidManifest.xml:26:22-94
40
41    <application
41-->src\main\AndroidManifest.xml:11:5-140:19
42        android:allowBackup="true"
42-->src\main\AndroidManifest.xml:12:9-35
43        android:appComponentFactory="androidx.core.app.CoreComponentFactory"
43-->[androidx.core:core:1.9.0] AndroidManifest.xml:28:18-86
44        android:dataExtractionRules="@xml/data_extraction_rules"
44-->src\main\AndroidManifest.xml:13:9-65
45        android:debuggable="true"
46        android:extractNativeLibs="false"
47        android:fullBackupContent="@xml/backup_rules"
47-->src\main\AndroidManifest.xml:14:9-54
48        android:icon="@drawable/logo"
48-->src\main\AndroidManifest.xml:15:9-38
49        android:label="Disaster Safe"
49-->src\main\AndroidManifest.xml:16:9-38
50        android:roundIcon="@mipmap/ic_launcher_round"
50-->src\main\AndroidManifest.xml:17:9-54
51        android:supportsRtl="true"
51-->src\main\AndroidManifest.xml:18:9-35
52        android:testOnly="true"
53        android:theme="@style/AppTheme" >
53-->src\main\AndroidManifest.xml:19:9-40
54        <meta-data
54-->src\main\AndroidManifest.xml:22:9-24:71
55            android:name="com.google.android.geo.API_KEY"
55-->src\main\AndroidManifest.xml:23:13-58
56            android:value="AIzaSyBFqEgkW1tsb76goacQvrR5eaORkIxtmpI" />
56-->src\main\AndroidManifest.xml:24:13-68
57
58        <activity
58-->src\main\AndroidManifest.xml:27:9-34:20
59            android:name="com.example.myapplication.UserActivity"
59-->src\main\AndroidManifest.xml:28:13-41
60            android:exported="true" >
60-->src\main\AndroidManifest.xml:29:13-36
61            <intent-filter>
61-->src\main\AndroidManifest.xml:30:9-33:25
62                <action android:name="android.intent.action.MAIN" />
62-->src\main\AndroidManifest.xml:31:13-65
62-->src\main\AndroidManifest.xml:31:21-62
63
64                <category android:name="android.intent.category.LAUNCHER" />
64-->src\main\AndroidManifest.xml:32:13-73
64-->src\main\AndroidManifest.xml:32:23-70
65            </intent-filter>
66        </activity>
67        <activity
67-->src\main\AndroidManifest.xml:39:9-41:40
68            android:name="com.example.myapplication.AboutUsActivity"
68-->src\main\AndroidManifest.xml:40:13-44
69            android:exported="false" />
69-->src\main\AndroidManifest.xml:41:13-37
70        <activity
70-->src\main\AndroidManifest.xml:42:9-44:39
71            android:name="com.example.myapplication.CycloneActivity"
71-->src\main\AndroidManifest.xml:43:13-44
72            android:exported="true" /> <!-- <intent-filter> -->
72-->src\main\AndroidManifest.xml:44:13-36
73        <!-- <action android:name="android.intent.action.MAIN" /> -->
74        <!-- <category android:name="android.intent.category.LAUNCHER" /> -->
75        <!-- </intent-filter> -->
76        <!-- </activity> -->
77        <activity
77-->src\main\AndroidManifest.xml:49:9-51:40
78            android:name="com.example.myapplication.LandslideActivity"
78-->src\main\AndroidManifest.xml:50:13-46
79            android:exported="false" />
79-->src\main\AndroidManifest.xml:51:13-37
80        <activity
80-->src\main\AndroidManifest.xml:52:9-54:40
81            android:name="com.example.myapplication.FloodActivity"
81-->src\main\AndroidManifest.xml:53:13-42
82            android:exported="false" />
82-->src\main\AndroidManifest.xml:54:13-37
83        <activity
83-->src\main\AndroidManifest.xml:55:9-57:39
84            android:name="com.example.myapplication.RegisterActivity"
84-->src\main\AndroidManifest.xml:56:13-45
85            android:exported="true" /> <!-- <intent-filter> -->
85-->src\main\AndroidManifest.xml:57:13-36
86        <!-- <action android:name="android.intent.action.MAIN" /> -->
87        <!-- <category android:name="android.intent.category.LAUNCHER" /> -->
88        <!-- </intent-filter> -->
89        <!-- </activity> -->
90        <activity
90-->src\main\AndroidManifest.xml:62:9-64:39
91            android:name="com.example.myapplication.UserLocationPermissionActivity"
91-->src\main\AndroidManifest.xml:63:13-59
92            android:exported="true" /> <!-- <intent-filter> -->
92-->src\main\AndroidManifest.xml:64:13-36
93        <!-- <action android:name="android.intent.action.MAIN" /> -->
94        <!-- <category android:name="android.intent.category.LAUNCHER" /> -->
95        <!-- </intent-filter> -->
96        <!-- </activity> -->
97        <activity
97-->src\main\AndroidManifest.xml:69:9-71:39
98            android:name="com.example.myapplication.LoginActivity"
98-->src\main\AndroidManifest.xml:70:13-42
99            android:exported="true" />
99-->src\main\AndroidManifest.xml:71:13-36
100        <activity
100-->src\main\AndroidManifest.xml:72:9-74:38
101            android:name="com.example.myapplication.MainActivity"
101-->src\main\AndroidManifest.xml:73:13-41
102            android:exported="true" />
102-->src\main\AndroidManifest.xml:74:13-36
103        <!-- <intent-filter> -->
104        <!-- <action android:name="android.intent.action.MAIN" /> -->
105
106
107        <!-- <category android:name="android.intent.category.LAUNCHER" /> -->
108        <!-- </intent-filter> -->
109        <!-- </activity> -->
110        <activity
110-->src\main\AndroidManifest.xml:81:9-83:39
111            android:name="com.example.myapplication.SelectedLocation"
111-->src\main\AndroidManifest.xml:82:13-45
112            android:exported="true" />
112-->src\main\AndroidManifest.xml:83:13-36
113        <!-- <intent-filter> -->
114        <!-- <action android:name="android.intent.action.MAIN" /> -->
115        <!-- <category android:name="android.intent.category.LAUNCHER" /> -->
116        <!-- </intent-filter> -->
117        <!-- </activity> -->
118
119
120        <!-- <activity -->
121        <!-- android:name=".Landslide" -->
122        <!-- android:exported="true" /> &lt;!&ndash; <intent-filter> &ndash;&gt; -->
123        <!-- <action android:name="android.intent.action.MAIN" /> -->
124        <!-- <category android:name="android.intent.category.LAUNCHER" /> -->
125        <!-- </intent-filter> -->
126        <!-- </activity> -->
127        <activity
127-->src\main\AndroidManifest.xml:99:9-101:39
128            android:name="com.example.myapplication.UserLocation"
128-->src\main\AndroidManifest.xml:100:13-41
129            android:exported="true" /> <!-- <intent-filter> -->
129-->src\main\AndroidManifest.xml:101:13-36
130        <!-- <action android:name="android.intent.action.MAIN" /> -->
131        <!-- <category android:name="android.intent.category.LAUNCHER" /> -->
132        <!-- </intent-filter> -->
133        <!-- </activity> -->
134
135        <activity
135-->src\main\AndroidManifest.xml:107:9-109:39
136            android:name="com.example.myapplication.MapActivity"
136-->src\main\AndroidManifest.xml:108:13-40
137            android:exported="true" /> <!-- <intent-filter> -->
137-->src\main\AndroidManifest.xml:109:13-36
138        <!-- <action android:name="android.intent.action.MAIN" /> -->
139        <!-- <category android:name="android.intent.category.LAUNCHER" /> -->
140        <!-- </intent-filter> -->
141        <!-- </activity> -->
142        <!-- Meta-data declaration -->
143
144
145        <!-- <activity -->
146        <!-- android:name=".MapsFragment" -->
147        <!-- android:exported="true" /> &lt;!&ndash; <intent-filter> &ndash;&gt; -->
148        <!-- <action android:name="android.intent.action.MAIN" /> -->
149        <!-- <category android:name="android.intent.category.LAUNCHER" /> -->
150        <!-- </intent-filter> -->
151        <!-- </activity> -->
152        <!-- Meta-data declaration -->
153
154        <activity
154-->src\main\AndroidManifest.xml:125:9-127:39
155            android:name="com.example.myapplication.New"
155-->src\main\AndroidManifest.xml:126:13-32
156            android:exported="true" />
156-->src\main\AndroidManifest.xml:127:13-36
157        <!-- <intent-filter> -->
158        <!-- <action android:name="android.intent.action.MAIN" /> -->
159        <!-- <category android:name="android.intent.category.LAUNCHER" /> -->
160        <!-- </intent-filter> -->
161        <!-- </activity> -->
162        <!-- Meta-data declaration -->
163
164        <meta-data
164-->src\main\AndroidManifest.xml:137:9-139:57
165            android:name="preloaded_fonts"
165-->src\main\AndroidManifest.xml:138:13-43
166            android:resource="@array/preloaded_fonts" />
166-->src\main\AndroidManifest.xml:139:13-54
167
168        <service
168-->[com.google.firebase:firebase-functions:20.4.0] AndroidManifest.xml:12:9-21:19
169            android:name="com.google.firebase.components.ComponentDiscoveryService"
169-->[com.google.firebase:firebase-functions:20.4.0] AndroidManifest.xml:13:13-84
170            android:directBootAware="true"
170-->[com.google.firebase:firebase-common:20.4.2] AndroidManifest.xml:32:13-43
171            android:exported="false" >
171-->[com.google.firebase:firebase-functions:20.4.0] AndroidManifest.xml:14:13-37
172            <meta-data
172-->[com.google.firebase:firebase-functions:20.4.0] AndroidManifest.xml:15:13-17:85
173                android:name="com.google.firebase.components:com.google.firebase.functions.FirebaseFunctionsKtxRegistrar"
173-->[com.google.firebase:firebase-functions:20.4.0] AndroidManifest.xml:16:17-122
174                android:value="com.google.firebase.components.ComponentRegistrar" />
174-->[com.google.firebase:firebase-functions:20.4.0] AndroidManifest.xml:17:17-82
175            <meta-data
175-->[com.google.firebase:firebase-functions:20.4.0] AndroidManifest.xml:18:13-20:85
176                android:name="com.google.firebase.components:com.google.firebase.functions.FunctionsRegistrar"
176-->[com.google.firebase:firebase-functions:20.4.0] AndroidManifest.xml:19:17-111
177                android:value="com.google.firebase.components.ComponentRegistrar" />
177-->[com.google.firebase:firebase-functions:20.4.0] AndroidManifest.xml:20:17-82
178            <meta-data
178-->[com.google.firebase:firebase-firestore:24.10.2] AndroidManifest.xml:17:13-19:85
179                android:name="com.google.firebase.components:com.google.firebase.firestore.FirebaseFirestoreKtxRegistrar"
179-->[com.google.firebase:firebase-firestore:24.10.2] AndroidManifest.xml:18:17-122
180                android:value="com.google.firebase.components.ComponentRegistrar" />
180-->[com.google.firebase:firebase-firestore:24.10.2] AndroidManifest.xml:19:17-82
181            <meta-data
181-->[com.google.firebase:firebase-firestore:24.10.2] AndroidManifest.xml:20:13-22:85
182                android:name="com.google.firebase.components:com.google.firebase.firestore.FirestoreRegistrar"
182-->[com.google.firebase:firebase-firestore:24.10.2] AndroidManifest.xml:21:17-111
183                android:value="com.google.firebase.components.ComponentRegistrar" />
183-->[com.google.firebase:firebase-firestore:24.10.2] AndroidManifest.xml:22:17-82
184            <meta-data
184-->[com.google.firebase:firebase-ml-modeldownloader:24.2.3] AndroidManifest.xml:26:13-28:85
185                android:name="com.google.firebase.components:com.google.firebase.ml.modeldownloader.FirebaseMlModelDownloaderKtxRegistrar"
185-->[com.google.firebase:firebase-ml-modeldownloader:24.2.3] AndroidManifest.xml:27:17-139
186                android:value="com.google.firebase.components.ComponentRegistrar" />
186-->[com.google.firebase:firebase-ml-modeldownloader:24.2.3] AndroidManifest.xml:28:17-82
187            <meta-data
187-->[com.google.firebase:firebase-ml-modeldownloader:24.2.3] AndroidManifest.xml:29:13-31:85
188                android:name="com.google.firebase.components:com.google.firebase.ml.modeldownloader.FirebaseModelDownloaderRegistrar"
188-->[com.google.firebase:firebase-ml-modeldownloader:24.2.3] AndroidManifest.xml:30:17-134
189                android:value="com.google.firebase.components.ComponentRegistrar" />
189-->[com.google.firebase:firebase-ml-modeldownloader:24.2.3] AndroidManifest.xml:31:17-82
190            <meta-data
190-->[com.google.firebase:firebase-database:20.3.0] AndroidManifest.xml:29:13-31:85
191                android:name="com.google.firebase.components:com.google.firebase.database.FirebaseDatabaseKtxRegistrar"
191-->[com.google.firebase:firebase-database:20.3.0] AndroidManifest.xml:30:17-120
192                android:value="com.google.firebase.components.ComponentRegistrar" />
192-->[com.google.firebase:firebase-database:20.3.0] AndroidManifest.xml:31:17-82
193            <meta-data
193-->[com.google.firebase:firebase-database:20.3.0] AndroidManifest.xml:32:13-34:85
194                android:name="com.google.firebase.components:com.google.firebase.database.DatabaseRegistrar"
194-->[com.google.firebase:firebase-database:20.3.0] AndroidManifest.xml:33:17-109
195                android:value="com.google.firebase.components.ComponentRegistrar" />
195-->[com.google.firebase:firebase-database:20.3.0] AndroidManifest.xml:34:17-82
196            <meta-data
196-->[com.google.firebase:firebase-auth:22.3.1] AndroidManifest.xml:69:13-71:85
197                android:name="com.google.firebase.components:com.google.firebase.auth.FirebaseAuthRegistrar"
197-->[com.google.firebase:firebase-auth:22.3.1] AndroidManifest.xml:70:17-109
198                android:value="com.google.firebase.components.ComponentRegistrar" />
198-->[com.google.firebase:firebase-auth:22.3.1] AndroidManifest.xml:71:17-82
199            <meta-data
199-->[com.google.firebase:firebase-iid:21.1.0] AndroidManifest.xml:32:13-34:85
200                android:name="com.google.firebase.components:com.google.firebase.iid.Registrar"
200-->[com.google.firebase:firebase-iid:21.1.0] AndroidManifest.xml:33:17-96
201                android:value="com.google.firebase.components.ComponentRegistrar" />
201-->[com.google.firebase:firebase-iid:21.1.0] AndroidManifest.xml:34:17-82
202            <meta-data
202-->[com.google.android.gms:play-services-measurement-api:21.5.1] AndroidManifest.xml:37:13-39:85
203                android:name="com.google.firebase.components:com.google.firebase.analytics.connector.internal.AnalyticsConnectorRegistrar"
203-->[com.google.android.gms:play-services-measurement-api:21.5.1] AndroidManifest.xml:38:17-139
204                android:value="com.google.firebase.components.ComponentRegistrar" />
204-->[com.google.android.gms:play-services-measurement-api:21.5.1] AndroidManifest.xml:39:17-82
205            <meta-data
205-->[com.google.firebase:firebase-installations:17.2.0] AndroidManifest.xml:15:13-17:85
206                android:name="com.google.firebase.components:com.google.firebase.installations.FirebaseInstallationsKtxRegistrar"
206-->[com.google.firebase:firebase-installations:17.2.0] AndroidManifest.xml:16:17-130
207                android:value="com.google.firebase.components.ComponentRegistrar" />
207-->[com.google.firebase:firebase-installations:17.2.0] AndroidManifest.xml:17:17-82
208            <meta-data
208-->[com.google.firebase:firebase-installations:17.2.0] AndroidManifest.xml:18:13-20:85
209                android:name="com.google.firebase.components:com.google.firebase.installations.FirebaseInstallationsRegistrar"
209-->[com.google.firebase:firebase-installations:17.2.0] AndroidManifest.xml:19:17-127
210                android:value="com.google.firebase.components.ComponentRegistrar" />
210-->[com.google.firebase:firebase-installations:17.2.0] AndroidManifest.xml:20:17-82
211            <meta-data
211-->[com.google.firebase:firebase-common-ktx:20.4.2] AndroidManifest.xml:12:13-14:85
212                android:name="com.google.firebase.components:com.google.firebase.ktx.FirebaseCommonLegacyRegistrar"
212-->[com.google.firebase:firebase-common-ktx:20.4.2] AndroidManifest.xml:13:17-116
213                android:value="com.google.firebase.components.ComponentRegistrar" />
213-->[com.google.firebase:firebase-common-ktx:20.4.2] AndroidManifest.xml:14:17-82
214            <meta-data
214-->[com.google.firebase:firebase-common:20.4.2] AndroidManifest.xml:35:13-37:85
215                android:name="com.google.firebase.components:com.google.firebase.FirebaseCommonKtxRegistrar"
215-->[com.google.firebase:firebase-common:20.4.2] AndroidManifest.xml:36:17-109
216                android:value="com.google.firebase.components.ComponentRegistrar" />
216-->[com.google.firebase:firebase-common:20.4.2] AndroidManifest.xml:37:17-82
217            <meta-data
217-->[com.google.firebase:firebase-datatransport:18.2.0] AndroidManifest.xml:25:13-27:85
218                android:name="com.google.firebase.components:com.google.firebase.datatransport.TransportRegistrar"
218-->[com.google.firebase:firebase-datatransport:18.2.0] AndroidManifest.xml:26:17-115
219                android:value="com.google.firebase.components.ComponentRegistrar" />
219-->[com.google.firebase:firebase-datatransport:18.2.0] AndroidManifest.xml:27:17-82
220        </service>
221
222        <provider
222-->[androidx.emoji2:emoji2:1.2.0] AndroidManifest.xml:24:9-32:20
223            android:name="androidx.startup.InitializationProvider"
223-->[androidx.emoji2:emoji2:1.2.0] AndroidManifest.xml:25:13-67
224            android:authorities="com.example.myapplication.androidx-startup"
224-->[androidx.emoji2:emoji2:1.2.0] AndroidManifest.xml:26:13-68
225            android:exported="false" >
225-->[androidx.emoji2:emoji2:1.2.0] AndroidManifest.xml:27:13-37
226            <meta-data
226-->[androidx.emoji2:emoji2:1.2.0] AndroidManifest.xml:29:13-31:52
227                android:name="androidx.emoji2.text.EmojiCompatInitializer"
227-->[androidx.emoji2:emoji2:1.2.0] AndroidManifest.xml:30:17-75
228                android:value="androidx.startup" />
228-->[androidx.emoji2:emoji2:1.2.0] AndroidManifest.xml:31:17-49
229            <meta-data
229-->[androidx.lifecycle:lifecycle-process:2.7.0] AndroidManifest.xml:29:13-31:52
230                android:name="androidx.lifecycle.ProcessLifecycleInitializer"
230-->[androidx.lifecycle:lifecycle-process:2.7.0] AndroidManifest.xml:30:17-78
231                android:value="androidx.startup" />
231-->[androidx.lifecycle:lifecycle-process:2.7.0] AndroidManifest.xml:31:17-49
232            <meta-data
232-->[androidx.profileinstaller:profileinstaller:1.3.0] AndroidManifest.xml:29:13-31:52
233                android:name="androidx.profileinstaller.ProfileInstallerInitializer"
233-->[androidx.profileinstaller:profileinstaller:1.3.0] AndroidManifest.xml:30:17-85
234                android:value="androidx.startup" />
234-->[androidx.profileinstaller:profileinstaller:1.3.0] AndroidManifest.xml:31:17-49
235        </provider> <!-- Needs to be explicitly declared on P+ -->
236        <uses-library
236-->[com.google.android.gms:play-services-maps:18.2.0] AndroidManifest.xml:39:9-41:40
237            android:name="org.apache.http.legacy"
237-->[com.google.android.gms:play-services-maps:18.2.0] AndroidManifest.xml:40:13-50
238            android:required="false" />
238-->[com.google.android.gms:play-services-maps:18.2.0] AndroidManifest.xml:41:13-37
239
240        <activity
240-->[com.google.firebase:firebase-auth:22.3.1] AndroidManifest.xml:29:9-46:20
241            android:name="com.google.firebase.auth.internal.GenericIdpActivity"
241-->[com.google.firebase:firebase-auth:22.3.1] AndroidManifest.xml:30:13-80
242            android:excludeFromRecents="true"
242-->[com.google.firebase:firebase-auth:22.3.1] AndroidManifest.xml:31:13-46
243            android:exported="true"
243-->[com.google.firebase:firebase-auth:22.3.1] AndroidManifest.xml:32:13-36
244            android:launchMode="singleTask"
244-->[com.google.firebase:firebase-auth:22.3.1] AndroidManifest.xml:33:13-44
245            android:theme="@android:style/Theme.Translucent.NoTitleBar" >
245-->[com.google.firebase:firebase-auth:22.3.1] AndroidManifest.xml:34:13-72
246            <intent-filter>
246-->[com.google.firebase:firebase-auth:22.3.1] AndroidManifest.xml:35:13-45:29
247                <action android:name="android.intent.action.VIEW" />
247-->[com.google.firebase:firebase-auth:22.3.1] AndroidManifest.xml:36:17-69
247-->[com.google.firebase:firebase-auth:22.3.1] AndroidManifest.xml:36:25-66
248
249                <category android:name="android.intent.category.DEFAULT" />
249-->[com.google.firebase:firebase-auth:22.3.1] AndroidManifest.xml:38:17-76
249-->[com.google.firebase:firebase-auth:22.3.1] AndroidManifest.xml:38:27-73
250                <category android:name="android.intent.category.BROWSABLE" />
250-->[com.google.firebase:firebase-auth:22.3.1] AndroidManifest.xml:39:17-78
250-->[com.google.firebase:firebase-auth:22.3.1] AndroidManifest.xml:39:27-75
251
252                <data
252-->[com.google.firebase:firebase-auth:22.3.1] AndroidManifest.xml:41:17-44:51
253                    android:host="firebase.auth"
253-->[com.google.firebase:firebase-auth:22.3.1] AndroidManifest.xml:42:21-49
254                    android:path="/"
254-->[com.google.firebase:firebase-auth:22.3.1] AndroidManifest.xml:43:21-37
255                    android:scheme="genericidp" />
255-->[com.google.firebase:firebase-auth:22.3.1] AndroidManifest.xml:44:21-48
256            </intent-filter>
257        </activity>
258        <activity
258-->[com.google.firebase:firebase-auth:22.3.1] AndroidManifest.xml:47:9-64:20
259            android:name="com.google.firebase.auth.internal.RecaptchaActivity"
259-->[com.google.firebase:firebase-auth:22.3.1] AndroidManifest.xml:48:13-79
260            android:excludeFromRecents="true"
260-->[com.google.firebase:firebase-auth:22.3.1] AndroidManifest.xml:49:13-46
261            android:exported="true"
261-->[com.google.firebase:firebase-auth:22.3.1] AndroidManifest.xml:50:13-36
262            android:launchMode="singleTask"
262-->[com.google.firebase:firebase-auth:22.3.1] AndroidManifest.xml:51:13-44
263            android:theme="@android:style/Theme.Translucent.NoTitleBar" >
263-->[com.google.firebase:firebase-auth:22.3.1] AndroidManifest.xml:52:13-72
264            <intent-filter>
264-->[com.google.firebase:firebase-auth:22.3.1] AndroidManifest.xml:53:13-63:29
265                <action android:name="android.intent.action.VIEW" />
265-->[com.google.firebase:firebase-auth:22.3.1] AndroidManifest.xml:36:17-69
265-->[com.google.firebase:firebase-auth:22.3.1] AndroidManifest.xml:36:25-66
266
267                <category android:name="android.intent.category.DEFAULT" />
267-->[com.google.firebase:firebase-auth:22.3.1] AndroidManifest.xml:38:17-76
267-->[com.google.firebase:firebase-auth:22.3.1] AndroidManifest.xml:38:27-73
268                <category android:name="android.intent.category.BROWSABLE" />
268-->[com.google.firebase:firebase-auth:22.3.1] AndroidManifest.xml:39:17-78
268-->[com.google.firebase:firebase-auth:22.3.1] AndroidManifest.xml:39:27-75
269
270                <data
270-->[com.google.firebase:firebase-auth:22.3.1] AndroidManifest.xml:41:17-44:51
271                    android:host="firebase.auth"
271-->[com.google.firebase:firebase-auth:22.3.1] AndroidManifest.xml:42:21-49
272                    android:path="/"
272-->[com.google.firebase:firebase-auth:22.3.1] AndroidManifest.xml:43:21-37
273                    android:scheme="recaptcha" />
273-->[com.google.firebase:firebase-auth:22.3.1] AndroidManifest.xml:44:21-48
274            </intent-filter>
275        </activity>
276        <activity
276-->[com.google.android.gms:play-services-base:18.3.0] AndroidManifest.xml:20:9-22:45
277            android:name="com.google.android.gms.common.api.GoogleApiActivity"
277-->[com.google.android.gms:play-services-base:18.3.0] AndroidManifest.xml:20:19-85
278            android:exported="false"
278-->[com.google.android.gms:play-services-base:18.3.0] AndroidManifest.xml:22:19-43
279            android:theme="@android:style/Theme.Translucent.NoTitleBar" />
279-->[com.google.android.gms:play-services-base:18.3.0] AndroidManifest.xml:21:19-78
280
281        <property
281-->[com.google.android.gms:play-services-measurement-api:21.5.1] AndroidManifest.xml:30:9-32:61
282            android:name="android.adservices.AD_SERVICES_CONFIG"
282-->[com.google.android.gms:play-services-measurement-api:21.5.1] AndroidManifest.xml:31:13-65
283            android:resource="@xml/ga_ad_services_config" />
283-->[com.google.android.gms:play-services-measurement-api:21.5.1] AndroidManifest.xml:32:13-58
284
285        <provider
285-->[com.google.firebase:firebase-common:20.4.2] AndroidManifest.xml:23:9-28:39
286            android:name="com.google.firebase.provider.FirebaseInitProvider"
286-->[com.google.firebase:firebase-common:20.4.2] AndroidManifest.xml:24:13-77
287            android:authorities="com.example.myapplication.firebaseinitprovider"
287-->[com.google.firebase:firebase-common:20.4.2] AndroidManifest.xml:25:13-72
288            android:directBootAware="true"
288-->[com.google.firebase:firebase-common:20.4.2] AndroidManifest.xml:26:13-43
289            android:exported="false"
289-->[com.google.firebase:firebase-common:20.4.2] AndroidManifest.xml:27:13-37
290            android:initOrder="100" />
290-->[com.google.firebase:firebase-common:20.4.2] AndroidManifest.xml:28:13-36
291
292        <receiver
292-->[com.google.android.gms:play-services-measurement:21.5.1] AndroidManifest.xml:29:9-33:20
293            android:name="com.google.android.gms.measurement.AppMeasurementReceiver"
293-->[com.google.android.gms:play-services-measurement:21.5.1] AndroidManifest.xml:30:13-85
294            android:enabled="true"
294-->[com.google.android.gms:play-services-measurement:21.5.1] AndroidManifest.xml:31:13-35